<?xml version="1.0" encoding="UTF-8"?>
<testsuite xmlns:xsi="http://www.w3.org/2001/XMLSchema-instance" xsi:noNamespaceSchemaLocation="https://maven.apache.org/surefire/maven-surefire-plugin/xsd/surefire-test-report-3.0.xsd" version="3.0" name="com.demoqa.tests.LoginTest" time="12.762" tests="1" errors="0" skipped="0" failures="0">
  <properties>
[...]
</properties>
  <testcase name="loginPositiveTestWithParameters" classname="com.demoqa.tests.LoginTest" time="12.747">
    <system-out><![CDATA[11:52:17.067 [main] INFO  i.g.bonigarcia.wdm.WebDriverManager -- Using chromedriver 144.0.7559.133 (resolved driver for Chrome 144)
11:52:17.080 [main] INFO  i.g.bonigarcia.wdm.WebDriverManager -- Exporting webdriver.chrome.driver as C:\Users\Ifbefine\.cache\selenium\chromedriver\win64\144.0.7559.133\chromedriver.exe
11:52:20.994 [main] INFO  com.demoqa.utils.MyListener -- We opened the site https://demoqa.com
11:52:22.396 [main] INFO  com.demoqa.utils.MyListener -- We clicked on [[ChromeDriver: chrome on windows (27b2d3bece10a520ac97a3127706062b)] -> css selector: .card:nth-child(6)]
11:52:22.397 [main] INFO  com.demoqa.utils.MyListener -- **************************************
11:52:23.931 [main] INFO  com.demoqa.utils.MyListener -- We clicked on [[ChromeDriver: chrome on windows (27b2d3bece10a520ac97a3127706062b)] -> xpath: //span[.='Login']]
11:52:23.932 [main] INFO  com.demoqa.utils.MyListener -- **************************************
11:52:25.155 [main] INFO  com.demoqa.utils.MyListener -- We clicked on [[ChromeDriver: chrome on windows (27b2d3bece10a520ac97a3127706062b)] -> id: userName]
11:52:25.156 [main] INFO  com.demoqa.utils.MyListener -- **************************************
11:52:25.299 [main] INFO  com.demoqa.utils.MyListener -- We enter [ifbefine] to element [[ChromeDriver: chrome on windows (27b2d3bece10a520ac97a3127706062b)] -> id: userName]
11:52:25.299 [main] INFO  com.demoqa.utils.MyListener -- **************************************
11:52:25.428 [main] INFO  com.demoqa.utils.MyListener -- We clicked on [[ChromeDriver: chrome on windows (27b2d3bece10a520ac97a3127706062b)] -> id: password]
11:52:25.428 [main] INFO  com.demoqa.utils.MyListener -- **************************************
11:52:25.585 [main] INFO  com.demoqa.utils.MyListener -- We enter [Test123456789@] to element [[ChromeDriver: chrome on windows (27b2d3bece10a520ac97a3127706062b)] -> id: password]
11:52:25.586 [main] INFO  com.demoqa.utils.MyListener -- **************************************
11:52:25.771 [main] INFO  com.demoqa.utils.MyListener -- We clicked on [[ChromeDriver: chrome on windows (27b2d3bece10a520ac97a3127706062b)] -> id: login]
11:52:25.771 [main] INFO  com.demoqa.utils.MyListener -- **************************************
11:52:29.327 [main] INFO  com.demoqa.utils.MyListener -- [[ChromeDriver: chrome on windows (27b2d3bece10a520ac97a3127706062b)] -> id: userName-value] contains ifbefine
11:52:29.327 [main] INFO  com.demoqa.utils.MyListener -- **************************************
11:52:29.515 [main] INFO  com.demoqa.utils.MyTestWatcher -- The method Optional[public void com.demoqa.tests.LoginTest.loginPositiveTestWithParameters()] is PASSED
11:52:29.515 [main] INFO  com.demoqa.utils.MyTestWatcher -- loginPositiveTestWithParameters()
11:52:29.515 [main] INFO  com.demoqa.utils.MyTestWatcher -- *****************************
]]></system-out>
  </testcase>
</testsuite>